2020-09-03 23:13:22 [main] INFO  ServerMain - The Server was launched.
Waiting for connection...
2020-09-03 23:54:11 [main] INFO  ServerMain - The Server was launched.
Waiting for connection...
2020-09-03 23:54:22 [main] INFO  ServerMain - User is connected.
2020-09-03 23:54:22 [main] INFO  ServerMain - The Server was launched.
Waiting for connection...
2020-09-03 23:56:28 [main] INFO  ServerMain - The Server was launched.
Waiting for connection...
2020-09-03 23:56:36 [main] INFO  ServerMain - User is connected.
2020-09-03 23:56:36 [main] INFO  ServerMain - The Server was launched.
Waiting for connection...
2020-09-03 23:58:24 [main] INFO  ServerMain - The Server was launched.
Waiting for connection...
2020-09-03 23:58:31 [main] INFO  ServerMain - User is connected.
2020-09-03 23:58:31 [main] INFO  ServerMain - The Server was launched.
Waiting for connection...
2020-09-03 23:59:14 [main] INFO  ServerMain - The Server was launched.
Waiting for connection...
2020-09-03 23:59:22 [main] INFO  ServerMain - User is connected.
2020-09-03 23:59:23 [main] INFO  ServerMain - The Server was launched.
Waiting for connection...
2020-09-03 23:59:52 [pool-2-thread-1] ERROR ServerMain - Started getting file...
2020-09-03 23:59:52 [pool-2-thread-1] ERROR ServerMain - File received! OK
2020-09-04 00:00:33 [pool-2-thread-1] ERROR ServerMain - Client error...
2020-09-04 00:11:12 [main] INFO  ServerMain - User is connected.
2020-09-04 00:11:12 [main] INFO  ServerMain - The Server was launched.
Waiting for connection...
2020-09-04 00:11:38 [pool-2-thread-2] ERROR ServerMain - Client error...
2020-09-04 00:21:11 [main] INFO  ServerMain - User is connected.
2020-09-04 00:21:11 [main] INFO  ServerMain - The Server was launched.
Waiting for connection...
2020-09-04 00:21:20 [pool-2-thread-3] ERROR ServerMain - Client error...
2020-09-04 00:22:25 [main] INFO  ServerMain - User is connected.
2020-09-04 00:22:25 [main] INFO  ServerMain - The Server was launched.
Waiting for connection...
2020-09-04 00:22:32 [pool-2-thread-4] ERROR ServerMain - Client error...
2020-09-04 00:31:03 [main] INFO  ServerMain - User is connected.
2020-09-04 00:31:03 [main] INFO  ServerMain - The Server was launched.
Waiting for connection...
2020-09-04 00:31:23 [pool-2-thread-5] ERROR ServerMain - Client error...
2020-09-04 00:35:34 [main] INFO  ServerMain - User is connected.
2020-09-04 00:35:34 [main] INFO  ServerMain - The Server was launched.
Waiting for connection...
2020-09-04 00:36:09 [pool-2-thread-6] ERROR ServerMain - Client error...
2020-09-04 00:47:50 [main] INFO  ServerMain - User is connected.
2020-09-04 00:47:50 [main] INFO  ServerMain - The Server was launched.
Waiting for connection...
2020-09-04 00:48:04 [pool-2-thread-7] ERROR ServerMain - Client error...
2020-09-04 00:48:35 [main] INFO  ServerMain - User is connected.
2020-09-04 00:48:35 [main] INFO  ServerMain - The Server was launched.
Waiting for connection...
2020-09-04 00:49:17 [pool-2-thread-7] ERROR ServerMain - Client error...
2020-09-04 00:49:50 [main] INFO  ServerMain - User is connected.
2020-09-04 00:49:50 [main] INFO  ServerMain - The Server was launched.
Waiting for connection...
2020-09-04 00:51:26 [main] INFO  ServerMain - The Server was launched.
Waiting for connection...
2020-09-04 00:51:38 [main] INFO  ServerMain - User is connected.
2020-09-04 00:51:38 [main] INFO  ServerMain - The Server was launched.
Waiting for connection...
2020-09-04 00:51:49 [pool-2-thread-1] ERROR ServerMain - Client error...
2020-09-04 00:52:11 [main] INFO  ServerMain - User is connected.
2020-09-04 00:52:11 [main] INFO  ServerMain - The Server was launched.
Waiting for connection...
2020-09-04 00:52:23 [pool-2-thread-1] ERROR ServerMain - Client error...
2020-09-04 00:52:39 [main] INFO  ServerMain - User is connected.
2020-09-04 00:52:39 [main] INFO  ServerMain - The Server was launched.
Waiting for connection...
2020-09-04 00:53:15 [pool-2-thread-1] ERROR ServerMain - Client error...
2020-09-04 00:54:37 [main] INFO  ServerMain - User is connected.
2020-09-04 00:54:37 [main] INFO  ServerMain - The Server was launched.
Waiting for connection...
2020-09-04 00:55:17 [pool-2-thread-2] ERROR ServerMain - Client error...
2020-09-04 00:56:56 [main] INFO  ServerMain - User is connected.
2020-09-04 00:56:56 [main] INFO  ServerMain - The Server was launched.
Waiting for connection...
2020-09-04 00:59:48 [main] INFO  ServerMain - The Server was launched.
Waiting for connection...
2020-09-04 01:00:15 [main] INFO  ServerMain - User is connected.
2020-09-04 01:00:15 [main] INFO  ServerMain - The Server was launched.
Waiting for connection...
2020-09-04 01:00:35 [pool-2-thread-1] ERROR ServerMain - Client error...
2020-09-04 01:01:12 [main] INFO  ServerMain - User is connected.
2020-09-04 01:01:12 [main] INFO  ServerMain - The Server was launched.
Waiting for connection...
2020-09-04 01:01:36 [pool-2-thread-1] ERROR ServerMain - Client error...
2020-09-04 01:05:21 [main] INFO  ServerMain - User is connected.
2020-09-04 01:05:21 [main] INFO  ServerMain - The Server was launched.
Waiting for connection...
2020-09-04 15:21:58 [main] INFO  ServerMain - The Server was launched.
Waiting for connection...
2020-09-04 15:22:14 [main] INFO  ServerMain - User is connected.
2020-09-04 15:22:14 [main] INFO  ServerMain - The Server was launched.
Waiting for connection...
2020-09-04 15:26:28 [pool-2-thread-1] ERROR ServerMain - Client error...
2020-09-04 15:26:38 [main] INFO  ServerMain - User is connected.
2020-09-04 15:26:38 [main] INFO  ServerMain - The Server was launched.
Waiting for connection...
2020-09-04 15:30:41 [main] INFO  ServerMain - The Server was launched.
Waiting for connection...
2020-09-04 15:30:46 [main] INFO  ServerMain - User is connected.
2020-09-04 15:30:47 [main] INFO  ServerMain - The Server was launched.
Waiting for connection...
2020-09-04 15:37:29 [main] INFO  ServerMain - The Server was launched.
Waiting for connection...
2020-09-04 15:37:56 [main] INFO  ServerMain - The Server was launched.
Waiting for connection...
2020-09-04 15:38:02 [main] INFO  ServerMain - User is connected.
2020-09-04 15:38:02 [main] INFO  ServerMain - The Server was launched.
Waiting for connection...
2020-09-04 15:38:12 [pool-2-thread-1] ERROR ServerMain - Started getting file...
2020-09-04 15:38:12 [pool-2-thread-1] ERROR ServerMain - File received! OK
2020-09-04 15:39:05 [pool-2-thread-1] ERROR ServerMain - Client error...
2020-09-04 16:21:41 [main] INFO  ServerMain - The Server was launched.
Waiting for connection...
2020-09-04 16:21:47 [main] INFO  ServerMain - User is connected.
2020-09-04 16:21:47 [main] INFO  ServerMain - The Server was launched.
Waiting for connection...
2020-09-04 16:22:39 [pool-2-thread-1] ERROR ServerMain - Started getting file...
2020-09-04 16:22:39 [pool-2-thread-1] ERROR ServerMain - File received! OK
2020-09-04 16:49:06 [main] INFO  ServerMain - The Server was launched.
Waiting for connection...
2020-09-04 16:49:18 [main] INFO  ServerMain - User is connected.
2020-09-04 16:49:18 [main] INFO  ServerMain - The Server was launched.
Waiting for connection...
2020-09-04 16:50:10 [pool-2-thread-1] ERROR ServerMain - Client error...
2020-09-04 16:50:20 [main] INFO  ServerMain - User is connected.
2020-09-04 16:50:20 [main] INFO  ServerMain - The Server was launched.
Waiting for connection...
2020-09-04 16:51:30 [pool-2-thread-1] ERROR ServerMain - Started getting file...
2020-09-04 16:51:33 [pool-2-thread-1] ERROR ServerMain - File received! OK
2020-09-04 16:53:05 [pool-2-thread-1] ERROR ServerMain - Client error...
2020-09-04 16:54:24 [main] INFO  ServerMain - The Server was launched.
Waiting for connection...
2020-09-04 16:54:30 [main] INFO  ServerMain - User is connected.
2020-09-04 16:54:30 [main] INFO  ServerMain - The Server was launched.
Waiting for connection...
2020-09-04 16:54:57 [pool-2-thread-1] ERROR ServerMain - Client error...
2020-09-04 16:55:08 [main] INFO  ServerMain - User is connected.
2020-09-04 16:55:08 [main] INFO  ServerMain - The Server was launched.
Waiting for connection...
2020-09-04 16:56:49 [main] INFO  ServerMain - The Server was launched.
Waiting for connection...
2020-09-04 16:56:56 [main] INFO  ServerMain - User is connected.
2020-09-04 16:56:56 [main] INFO  ServerMain - The Server was launched.
Waiting for connection...
2020-09-04 16:57:07 [pool-2-thread-1] ERROR ServerMain - Started getting file...
2020-09-04 16:57:07 [pool-2-thread-1] ERROR ServerMain - File received! OK
2020-09-04 16:57:44 [pool-2-thread-1] ERROR ServerMain - Started getting file...
2020-09-04 16:57:44 [pool-2-thread-1] ERROR ServerMain - File received! OK
2020-09-04 18:24:04 [main] INFO  ServerMain - The Server was launched.
Waiting for connection...
2020-09-04 18:24:55 [main] INFO  ServerMain - User is connected.
2020-09-04 18:24:55 [main] INFO  ServerMain - The Server was launched.
Waiting for connection...
2020-09-04 18:25:38 [pool-2-thread-1] ERROR ServerMain - Client error...
2020-09-04 18:25:46 [main] INFO  ServerMain - User is connected.
2020-09-04 18:25:46 [main] INFO  ServerMain - The Server was launched.
Waiting for connection...
2020-09-04 18:32:19 [main] INFO  ServerMain - The Server was launched.
Waiting for connection...
2020-09-04 18:32:29 [main] INFO  ServerMain - User is connected.
2020-09-04 18:32:29 [main] INFO  ServerMain - The Server was launched.
Waiting for connection...
2020-09-04 18:34:16 [main] INFO  ServerMain - The Server was launched.
Waiting for connection...
2020-09-04 18:34:23 [main] INFO  ServerMain - User is connected.
2020-09-04 18:34:23 [main] INFO  ServerMain - The Server was launched.
Waiting for connection...
2020-09-04 18:35:20 [pool-2-thread-1] ERROR ServerMain - Client error...
2020-09-04 18:35:30 [main] INFO  ServerMain - User is connected.
2020-09-04 18:35:30 [main] INFO  ServerMain - The Server was launched.
Waiting for connection...
2020-09-04 18:36:47 [pool-2-thread-1] ERROR ServerMain - Client error...
2020-09-04 19:54:29 [main] INFO  ServerMain - User is connected.
2020-09-04 19:54:29 [main] INFO  ServerMain - The Server was launched.
Waiting for connection...
2020-09-04 19:55:16 [pool-2-thread-2] ERROR ServerMain - Client error...
2020-09-04 19:55:23 [main] INFO  ServerMain - User is connected.
2020-09-04 19:55:23 [main] INFO  ServerMain - The Server was launched.
Waiting for connection...
2020-09-04 19:55:59 [pool-2-thread-2] ERROR ServerMain - Client error...
2020-09-04 19:56:23 [main] INFO  ServerMain - User is connected.
2020-09-04 19:56:23 [main] INFO  ServerMain - The Server was launched.
Waiting for connection...
2020-09-04 19:56:33 [pool-2-thread-2] ERROR ServerMain - Started getting file...
2020-09-04 19:56:33 [pool-2-thread-2] ERROR ServerMain - File received! OK
2020-09-04 19:57:29 [pool-2-thread-2] ERROR ServerMain - Client error...
2020-09-04 19:59:48 [main] INFO  ServerMain - The Server was launched.
Waiting for connection...
2020-09-04 19:59:57 [main] INFO  ServerMain - User is connected.
2020-09-04 19:59:57 [main] INFO  ServerMain - The Server was launched.
Waiting for connection...
2020-09-04 20:00:16 [pool-2-thread-1] ERROR ServerMain - Started getting file...
2020-09-04 20:00:16 [pool-2-thread-1] ERROR ServerMain - File received! OK
2020-09-04 21:25:27 [main] INFO  ServerMain - The Server was launched.
Waiting for connection...
2020-09-04 21:25:40 [main] INFO  ServerMain - User is connected.
2020-09-04 21:25:40 [main] INFO  ServerMain - The Server was launched.
Waiting for connection...
2020-09-04 21:26:02 [pool-2-thread-1] ERROR ServerMain - Started getting file...
2020-09-04 21:26:02 [pool-2-thread-1] ERROR ServerMain - File received! OK
2020-09-04 21:28:18 [pool-2-thread-1] ERROR ServerMain - Client error...
2020-09-04 21:28:25 [main] INFO  ServerMain - User is connected.
2020-09-04 21:28:25 [main] INFO  ServerMain - The Server was launched.
Waiting for connection...
2020-09-04 21:28:44 [pool-2-thread-1] ERROR ServerMain - Started getting file...
2020-09-04 21:28:44 [pool-2-thread-1] ERROR ServerMain - File received! OK
2020-09-04 21:31:04 [main] INFO  ServerMain - The Server was launched.
Waiting for connection...
2020-09-04 21:31:18 [main] INFO  ServerMain - User is connected.
2020-09-04 21:31:19 [main] INFO  ServerMain - The Server was launched.
Waiting for connection...
2020-09-04 21:33:16 [pool-2-thread-1] ERROR ServerMain - Started getting file...
2020-09-04 21:33:21 [pool-2-thread-1] ERROR ServerMain - File received! OK
2020-09-04 21:35:15 [main] INFO  ServerMain - The Server was launched.
Waiting for connection...
2020-09-04 21:35:23 [main] INFO  ServerMain - User is connected.
2020-09-04 21:35:23 [main] INFO  ServerMain - The Server was launched.
Waiting for connection...
2020-09-04 21:36:08 [pool-2-thread-1] ERROR ServerMain - Started getting file...
2020-09-04 21:36:25 [pool-2-thread-1] ERROR ServerMain - File received! OK
2020-09-04 21:43:08 [main] INFO  ServerMain - The Server was launched.
Waiting for connection...
2020-09-04 21:43:16 [main] INFO  ServerMain - User is connected.
2020-09-04 21:43:17 [main] INFO  ServerMain - The Server was launched.
Waiting for connection...
2020-09-04 21:43:45 [pool-2-thread-1] ERROR ServerMain - Started getting file...
2020-09-04 21:44:11 [pool-2-thread-1] ERROR ServerMain - File received! OK
2020-09-04 21:46:34 [pool-2-thread-1] ERROR ServerMain - Client error...
2020-09-04 21:51:02 [main] INFO  ServerMain - The Server was launched.
Waiting for connection...
2020-09-04 21:51:10 [main] INFO  ServerMain - User is connected.
2020-09-04 21:51:11 [main] INFO  ServerMain - The Server was launched.
Waiting for connection...
2020-09-04 21:51:37 [pool-2-thread-1] ERROR ServerMain - Started getting file...
2020-09-04 21:53:02 [pool-2-thread-1] ERROR ServerMain - File received! OK
2020-09-04 21:56:29 [main] INFO  ServerMain - The Server was launched.
Waiting for connection...
2020-09-04 21:56:36 [main] INFO  ServerMain - User is connected.
2020-09-04 21:56:36 [main] INFO  ServerMain - The Server was launched.
Waiting for connection...
2020-09-04 21:57:54 [pool-2-thread-1] ERROR ServerMain - Started getting file...
2020-09-04 21:58:07 [pool-2-thread-1] ERROR ServerMain - File received! OK
2020-09-04 22:00:18 [main] INFO  ServerMain - User is connected.
2020-09-04 22:00:18 [pool-2-thread-1] ERROR ServerMain - Client error...
2020-09-04 22:00:18 [main] INFO  ServerMain - The Server was launched.
Waiting for connection...
2020-09-04 22:00:18 [pool-2-thread-2] ERROR ServerMain - Started getting file...
2020-09-04 22:00:18 [pool-2-thread-2] ERROR ServerMain - File received! OK
2020-09-04 22:03:01 [main] INFO  ServerMain - The Server was launched.
Waiting for connection...
2020-09-04 22:03:10 [main] INFO  ServerMain - User is connected.
2020-09-04 22:03:10 [main] INFO  ServerMain - The Server was launched.
Waiting for connection...
2020-09-04 22:03:37 [pool-2-thread-1] ERROR ServerMain - Started getting file...
2020-09-04 22:04:04 [pool-2-thread-1] ERROR ServerMain - File received! OK
2020-09-04 22:05:20 [main] INFO  ServerMain - The Server was launched.
Waiting for connection...
2020-09-04 22:05:29 [main] INFO  ServerMain - User is connected.
2020-09-04 22:05:29 [main] INFO  ServerMain - The Server was launched.
Waiting for connection...
2020-09-04 22:05:52 [pool-2-thread-1] ERROR ServerMain - Started getting file...
2020-09-04 22:06:07 [pool-2-thread-1] ERROR ServerMain - File received! OK
2020-09-04 22:07:41 [main] INFO  ServerMain - The Server was launched.
Waiting for connection...
2020-09-04 22:07:49 [main] INFO  ServerMain - User is connected.
2020-09-04 22:07:49 [main] INFO  ServerMain - The Server was launched.
Waiting for connection...
2020-09-04 22:08:19 [pool-2-thread-1] ERROR ServerMain - Started getting file...
2020-09-04 22:08:56 [pool-2-thread-1] ERROR ServerMain - File received! OK
